0 info it worked if it ends with ok
1 verbose cli [ 'C:\\Program Files\\nodejs\\node.exe',
1 verbose cli   'C:\\Program Files\\nodejs\\node_modules\\npm\\bin\\npm-cli.js',
1 verbose cli   'start' ]
2 info using npm@3.10.10
3 info using node@v6.10.2
4 verbose run-script [ 'prestart', 'start', 'poststart' ]
5 info lifecycle iotmt@1.0.0~prestart: iotmt@1.0.0
6 silly lifecycle iotmt@1.0.0~prestart: no script for prestart, continuing
7 info lifecycle iotmt@1.0.0~start: iotmt@1.0.0
8 verbose lifecycle iotmt@1.0.0~start: unsafe-perm in lifecycle true
9 verbose lifecycle iotmt@1.0.0~start: PATH: C:\Program Files\nodejs\node_modules\npm\bin\node-gyp-bin;C:\Users\asst\Desktop\IoT_modeling_tool\Implementierung\node_modules\.bin;C:\Program Files\Java\jdk1.08.0_121\bin;C:\Program Files\Java\jre1.08.0_121\bin;C:\ProgramData\Oracle\Java\javapath;C:\Windows\system32;C:\Windows;C:\Windows\System32\Wbem;C:\Windows\System32\WindowsPowerShell\v1.0\;C:\Program Files (x86)\PuTTY\;C:\Program Files\Git\cmd;C:\Program Files\MiKTeX 2.9\miktex\bin\x64\;C:\Program Files (x86)\LyX 2.2\Perl\bin;C:\Program Files\TortoiseGit\bin;C:\Program Files\TortoiseSVN\bin;C:\Program Files\PuTTY\;C:\Program Files\Intel\WiFi\bin\;C:\Program Files\Common Files\Intel\WirelessCommon\;C:\Program Files\nodejs\;C:\Program Files\apache-maven-3.5.0\bin;C:\Users\asst\AppData\Local\Programs\Python\Python36-32\Scripts\;C:\Users\asst\AppData\Local\Programs\Python\Python36-32\;C:\Users\asst\AppData\Local\Microsoft\WindowsApps;C:\Program Files\Intel\WiFi\bin\;C:\Program Files\Common Files\Intel\WirelessCommon\;C:\Users\asst\AppData\Local\atom\bin;C:\Users\asst\AppData\Roaming\npm
10 verbose lifecycle iotmt@1.0.0~start: CWD: C:\Users\asst\Desktop\IoT_modeling_tool\Implementierung
11 silly lifecycle iotmt@1.0.0~start: Args: [ '/d /s /c',
11 silly lifecycle   'http-server ./Implementierung -a localhost -p 8000' ]
12 silly lifecycle iotmt@1.0.0~start: Returned: code: 3221225786  signal: null
13 info lifecycle iotmt@1.0.0~start: Failed to exec start script
14 verbose stack Error: iotmt@1.0.0 start: `http-server ./Implementierung -a localhost -p 8000`
14 verbose stack Exit status 3221225786
14 verbose stack     at EventEmitter.<anonymous> (C:\Program Files\nodejs\node_modules\npm\lib\utils\lifecycle.js:255:16)
14 verbose stack     at emitTwo (events.js:106:13)
14 verbose stack     at EventEmitter.emit (events.js:191:7)
14 verbose stack     at ChildProcess.<anonymous> (C:\Program Files\nodejs\node_modules\npm\lib\utils\spawn.js:40:14)
14 verbose stack     at emitTwo (events.js:106:13)
14 verbose stack     at ChildProcess.emit (events.js:191:7)
14 verbose stack     at maybeClose (internal/child_process.js:886:16)
14 verbose stack     at Process.ChildProcess._handle.onexit (internal/child_process.js:226:5)
15 verbose pkgid iotmt@1.0.0
16 verbose cwd C:\Users\asst\Desktop\IoT_modeling_tool\Implementierung
17 error Windows_NT 10.0.14393
18 error argv "C:\\Program Files\\nodejs\\node.exe" "C:\\Program Files\\nodejs\\node_modules\\npm\\bin\\npm-cli.js" "start"
19 error node v6.10.2
20 error npm  v3.10.10
21 error code ELIFECYCLE
22 error iotmt@1.0.0 start: `http-server ./Implementierung -a localhost -p 8000`
22 error Exit status 3221225786
23 error Failed at the iotmt@1.0.0 start script 'http-server ./Implementierung -a localhost -p 8000'.
23 error Make sure you have the latest version of node.js and npm installed.
23 error If you do, this is most likely a problem with the iotmt package,
23 error not with npm itself.
23 error Tell the author that this fails on your system:
23 error     http-server ./Implementierung -a localhost -p 8000
23 error You can get information on how to open an issue for this project with:
23 error     npm bugs iotmt
23 error Or if that isn't available, you can get their info via:
23 error     npm owner ls iotmt
23 error There is likely additional logging output above.
24 verbose exit [ 1, true ]
