0 info it worked if it ends with ok
1 verbose cli [ 'C:\\Program Files\\nodejs\\node.exe',
1 verbose cli   'C:\\Users\\Daniel Krueger\\AppData\\Roaming\\npm\\node_modules\\npm\\bin\\npm-cli.js',
1 verbose cli   'run',
1 verbose cli   'dev' ]
2 info using npm@3.10.9
3 info using node@v4.4.3
4 verbose run-script [ 'predev', 'dev', 'postdev' ]
5 info lifecycle react-tutorials@0.0.0~predev: react-tutorials@0.0.0
6 silly lifecycle react-tutorials@0.0.0~predev: no script for predev, continuing
7 info lifecycle react-tutorials@0.0.0~dev: react-tutorials@0.0.0
8 verbose lifecycle react-tutorials@0.0.0~dev: unsafe-perm in lifecycle true
9 verbose lifecycle react-tutorials@0.0.0~dev: PATH: C:\Users\Daniel Krueger\AppData\Roaming\npm\node_modules\npm\bin\node-gyp-bin;C:\Daten\UNI INFORMATIK\Semester 5\Projekt Inf\IoT_modeling_tool\Implementierung\Merged\modtool\src\main\js\node_modules\.bin;C:\ProgramData\Oracle\Java\javapath;C:\oraclexe\app\oracle\product\11.2.0\server\bin;C:\Program Files\Haskell\bin;C:\Program Files\Haskell Platform\7.10.3\lib\extralibs\bin;C:\Program Files\Haskell Platform\7.10.3\bin;C:\WINDOWS\system32;C:\WINDOWS;C:\WINDOWS\System32\Wbem;C:\WINDOWS\System32\WindowsPowerShell\v1.0\;C:\Anaconda2;C:\Anaconda2\Scripts;C:\Anaconda2\Library\bin;C:\Program Files\Haskell Platform\7.10.3\mingw\bin;C:\Program Files\Java\jdk1.7.0_79\bin;C:\MinGW\libexec\gcc\mingw32\4.9.3;C:\Program Files (x86)\apache-ant-1.9.6\bin;C:\Program Files\Amazon\AWSCLI\;C:\libelle\la\bin\;C:\Program Files\nodejs\;C:\Program Files (x86)\Windows Live\Shared;C:\Program Files\TortoiseSVN\bin;C:\Program Files\Git\cmd;C:\Program Files (x86)\Vim\vim74\;C:\Program Files (x86)\GtkSharp\2.12\bin;C:\libelle\la\lib\;C:\libelle\lsh\bin;C:\Program Files (x86)\Skype\Phone\;C:\ProgramData\Oracle\Java\javapath;C:\oraclexe\app\oracle\product\11.2.0\server\bin;C:\Program Files\Haskell\bin;C:\Program Files\Haskell Platform\7.10.3\lib\extralibs\bin;C:\Program Files\Haskell Platform\7.10.3\bin;C:\WINDOWS\system32;C:\WINDOWS;C:\WINDOWS\System32\Wbem;C:\WINDOWS\System32\WindowsPowerShell\v1.0\;C:\Anaconda2;C:\Anaconda2\Scripts;C:\Anaconda2\Library\bin;C:\Program Files\Haskell Platform\7.10.3\mingw\bin;C:\Program Files\Java\jdk1.7.0_79\bin;C:\MinGW\libexec\gcc\mingw32\4.9.3;C:\Program Files (x86)\apache-ant-1.9.6\bin;C:\Program Files\Amazon\AWSCLI\;C:\Program Files (x86)\Skype\Phone\;C:\libelle\la\bin\;C:\Program Files\nodejs\;C:\Program Files (x86)\Windows Live\Shared;C:\Program Files\TortoiseSVN\bin;C:\Program Files\Git\cmd;C:\Program Files (x86)\Vim\vim74\;C:\Program Files (x86)\GtkSharp\2.12\bin;C:\libelle\la\lib\;C:\libelle\lsh\bin\;C:\GNAT\2015\bin;C:\Users\Daniel Krueger\AppData\Roaming\cabal\bin;C:\Users\Daniel Krueger\AppData\Roaming\npm;C:\Users\Daniel Krueger\AppData\Local\Mic
10 verbose lifecycle react-tutorials@0.0.0~dev: CWD: C:\Daten\UNI INFORMATIK\Semester 5\Projekt Inf\IoT_modeling_tool\Implementierung\Merged\modtool\src\main\js
11 silly lifecycle react-tutorials@0.0.0~dev: Args: [ '/d /s /c',
11 silly lifecycle   'webpack-dev-server --content-base src --inline --hot' ]
12 silly lifecycle react-tutorials@0.0.0~dev: Returned: code: 3221225786  signal: null
13 info lifecycle react-tutorials@0.0.0~dev: Failed to exec dev script
14 verbose stack Error: react-tutorials@0.0.0 dev: `webpack-dev-server --content-base src --inline --hot`
14 verbose stack Exit status 3221225786
14 verbose stack     at EventEmitter.<anonymous> (C:\Users\Daniel Krueger\AppData\Roaming\npm\node_modules\npm\lib\utils\lifecycle.js:255:16)
14 verbose stack     at emitTwo (events.js:87:13)
14 verbose stack     at EventEmitter.emit (events.js:172:7)
14 verbose stack     at ChildProcess.<anonymous> (C:\Users\Daniel Krueger\AppData\Roaming\npm\node_modules\npm\lib\utils\spawn.js:40:14)
14 verbose stack     at emitTwo (events.js:87:13)
14 verbose stack     at ChildProcess.emit (events.js:172:7)
14 verbose stack     at maybeClose (internal/child_process.js:827:16)
14 verbose stack     at Process.ChildProcess._handle.onexit (internal/child_process.js:211:5)
15 verbose pkgid react-tutorials@0.0.0
16 verbose cwd C:\Daten\UNI INFORMATIK\Semester 5\Projekt Inf\IoT_modeling_tool\Implementierung\Merged\modtool\src\main\js\src
17 error Windows_NT 10.0.14393
18 error argv "C:\\Program Files\\nodejs\\node.exe" "C:\\Users\\Daniel Krueger\\AppData\\Roaming\\npm\\node_modules\\npm\\bin\\npm-cli.js" "run" "dev"
19 error node v4.4.3
20 error npm  v3.10.9
21 error code ELIFECYCLE
22 error react-tutorials@0.0.0 dev: `webpack-dev-server --content-base src --inline --hot`
22 error Exit status 3221225786
23 error Failed at the react-tutorials@0.0.0 dev script 'webpack-dev-server --content-base src --inline --hot'.
23 error Make sure you have the latest version of node.js and npm installed.
23 error If you do, this is most likely a problem with the react-tutorials package,
23 error not with npm itself.
23 error Tell the author that this fails on your system:
23 error     webpack-dev-server --content-base src --inline --hot
23 error You can get information on how to open an issue for this project with:
23 error     npm bugs react-tutorials
23 error Or if that isn't available, you can get their info via:
23 error     npm owner ls react-tutorials
23 error There is likely additional logging output above.
24 verbose exit [ 1, true ]
